Start testing: Nov 08 20:20 IST
----------------------------------------------------------
1/1 Testing: ContainersTest
1/1 Test: ContainersTest
Command: "/home/maahir/Desktop/cpp_ros2_live_status_dashboard/build/test_containers"
Directory: /home/maahir/Desktop/cpp_ros2_live_status_dashboard/build
"ContainersTest" start time: Nov 08 20:20 IST
Output:
----------------------------------------------------------
[==========] Running 16 tests from 5 test suites.
[----------] Global test environment set-up.
[----------] 4 tests from BoundedDequeTest
[ RUN      ] BoundedDequeTest.PushAndPop
[       OK ] BoundedDequeTest.PushAndPop (0 ms)
[ RUN      ] BoundedDequeTest.AutoEviction
[       OK ] BoundedDequeTest.AutoEviction (0 ms)
[ RUN      ] BoundedDequeTest.Full
[       OK ] BoundedDequeTest.Full (0 ms)
[ RUN      ] BoundedDequeTest.Clear
[       OK ] BoundedDequeTest.Clear (0 ms)
[----------] 4 tests from BoundedDequeTest (0 ms total)

[----------] 3 tests from MetricsHistoryBufferTest
[ RUN      ] MetricsHistoryBufferTest.PushAndRetrieve
[       OK ] MetricsHistoryBufferTest.PushAndRetrieve (0 ms)
[ RUN      ] MetricsHistoryBufferTest.Statistics
[       OK ] MetricsHistoryBufferTest.Statistics (0 ms)
[ RUN      ] MetricsHistoryBufferTest.BoundedCapacity
[       OK ] MetricsHistoryBufferTest.BoundedCapacity (0 ms)
[----------] 3 tests from MetricsHistoryBufferTest (0 ms total)

[----------] 5 tests from ThreadSafeQueueTest
[ RUN      ] ThreadSafeQueueTest.PushAndTryPop
[       OK ] ThreadSafeQueueTest.PushAndTryPop (0 ms)
[ RUN      ] ThreadSafeQueueTest.EmptyQueueTryPop
[       OK ] ThreadSafeQueueTest.EmptyQueueTryPop (0 ms)
[ RUN      ] ThreadSafeQueueTest.MultiThreadedPush
[       OK ] ThreadSafeQueueTest.MultiThreadedPush (0 ms)
[ RUN      ] ThreadSafeQueueTest.WaitAndPop
[       OK ] ThreadSafeQueueTest.WaitAndPop (50 ms)
[ RUN      ] ThreadSafeQueueTest.PopAfterShutdown
[       OK ] ThreadSafeQueueTest.PopAfterShutdown (100 ms)
[----------] 5 tests from ThreadSafeQueueTest (150 ms total)

[----------] 3 tests from CacheWithTimeoutTest
[ RUN      ] CacheWithTimeoutTest.GetAndSet
[       OK ] CacheWithTimeoutTest.GetAndSet (0 ms)
[ RUN      ] CacheWithTimeoutTest.Expiration
[       OK ] CacheWithTimeoutTest.Expiration (150 ms)
[ RUN      ] CacheWithTimeoutTest.LRUEviction
[       OK ] CacheWithTimeoutTest.LRUEviction (0 ms)
[----------] 3 tests from CacheWithTimeoutTest (150 ms total)

[----------] 1 test from ResourcePoolTest
[ RUN      ] ResourcePoolTest.AcquireAndRelease
[       OK ] ResourcePoolTest.AcquireAndRelease (0 ms)
[----------] 1 test from ResourcePoolTest (0 ms total)

[----------] Global test environment tear-down
[==========] 16 tests from 5 test suites ran. (300 ms total)
[  PASSED  ] 16 tests.
<end of output>
Test time =   0.30 sec
----------------------------------------------------------
Test Passed.
"ContainersTest" end time: Nov 08 20:20 IST
"ContainersTest" time elapsed: 00:00:00
----------------------------------------------------------

End testing: Nov 08 20:20 IST
